#
# A fatal error has been detected by the Java Runtime Environment:
#
#  SIGSEGV (0xb) at pc=0x00007fff617e8260, pid=1141, tid=0x0000000000001103
#
# JRE version: Java(TM) SE Runtime Environment (8.0_111-b14) (build 1.8.0_111-b14)
# Java VM: Java HotSpot(TM) 64-Bit Server VM (25.111-b14 mixed mode bsd-amd64 compressed oops)
# Problematic frame:
# C  [libc++abi.dylib+0x3260]  _ZNK10__cxxabiv120__si_class_type_info27has_unambiguous_public_baseEPNS_19__dynamic_cast_infoEPvi+0x4
#
# Failed to write core dump. Core dumps have been disabled. To enable core dumping, try "ulimit -c unlimited" before starting Java again
#
# If you would like to submit a bug report, please visit:
#   http://bugreport.java.com/bugreport/crash.jsp
# The crash happened outside the Java Virtual Machine in native code.
# See problematic frame for where to report the bug.
#

---------------  T H R E A D  ---------------

Current thread (0x00007fc99080c800):  JavaThread "main" [_thread_in_native, id=4355, stack(0x000070000712d000,0x000070000722d000)]

siginfo: si_signo: 11 (SIGSEGV), si_code: 1 (SEGV_MAPERR), si_addr: 0x0000000000000010

Registers:
RAX=0x00007fff8e0076c8, RBX=0x0000000131e8e9b0, RCX=0x0000000131e7d480, RDX=0x0000000000000006
RSP=0x0000700007223980, RBP=0x0000700007223980, RSI=0x0000000000000000, RDI=0x00007fff8e3c8f98
R8 =0x0000000131e8e9b0, R9 =0x0000000131e78870, R10=0x00007fc98f8c6d50, R11=0x0000000131e8fa40
R12=0x0000000131e7d480, R13=0x0000000131e78870, R14=0x00007fff8e3c92e0, R15=0x00007fff8e4cdbd8
RIP=0x00007fff617e8260, EFLAGS=0x0000000000010246, ERR=0x0000000000000004
  TRAPNO=0x000000000000000e

Top of Stack: (sp=0x0000700007223980)
0x0000700007223980:   0000000000000000 0000000131d662e1
0x0000700007223990:   0000000131e8e9b0 00007000072239a0
0x00007000072239a0:   0000000000000000 0000000000000000
0x00007000072239b0:   0000001000000000 0000000131d79084
0x00007000072239c0:   00007000072239f8 0000000131e92018
0x00007000072239d0:   0000000131e91f48 00007fff8e4cd480
0x00007000072239e0:   0000000000000000 0000000131de0e90
0x00007000072239f0:   0000000131e92018 0000000131dd20cf
0x0000700007223a00:   0000000131e91f40 0000000131e91f48
0x0000700007223a10:   0000000131e91820 0000000131dd24e0
0x0000700007223a20:   00007fff8e3c91c0 00007fff8e3c91c0
0x0000700007223a30:   0000000131e91f40 0000000131d73e6f
0x0000700007223a40:   00007ffee1b5ed98 0000700007223a90
0x0000700007223a50:   0000700007223be0 000000013bca2240
0x0000700007223a60:   0000000000000000 00007fff8e4c7198
0x0000700007223a70:   0000000000000000 000000013bca2250
0x0000700007223a80:   0000700007223be0 000000011bc0f15d
0x0000700007223a90:   00007fc91f070000 0000000138541000
0x0000700007223aa0:   0000000000000000 000000013bca2240
0x0000700007223ab0:   0000000000000000 0000000000000000
0x0000700007223ac0:   0000000000000000 0000000000000000
0x0000700007223ad0:   0000000000000000 0000000000000000
0x0000700007223ae0:   0000000000000000 0000000000000000
0x0000700007223af0:   0000000000000000 0000000000000000
0x0000700007223b00:   000000011bc938c0 000000011bc93be0
0x0000700007223b10:   000000011bc935b0 000000011bc947e0
0x0000700007223b20:   000000011bc93cd8 000000011bc941a0
0x0000700007223b30:   000000011bc93240 000000011bc93ad8
0x0000700007223b40:   0000700007223c00 000000011bbf61df
0x0000700007223b50:   0000700007225d00 000000011bc942a0
0x0000700007223b60:   0000000138541000 00007fc98f90f9c0
0x0000700007223b70:   00000001385416a0 000000011bc8a330 

Instructions: (pc=0x00007fff617e8260)
0x00007fff617e8240:   0f 44 c7 48 8d 15 f8 13 01 00 48 39 d1 48 0f 44
0x00007fff617e8250:   c7 c3 55 48 89 e5 e8 be 09 00 00 90 55 48 89 e5
0x00007fff617e8260:   48 3b 7e 10 74 0e 48 8b 7f 10 48 8b 07 48 8b 40
0x00007fff617e8270:   38 5d ff e0 48 8b 46 20 48 85 c0 74 15 48 39 d0 

Register to memory mapping:

RAX=0x00007fff8e0076c8: _ZTVN10__cxxabiv120__si_class_type_infoE+0x10 in /usr/lib/libc++abi.dylib at 0x00007fff617e5000
RBX=0x0000000131e8e9b0: _ZN12_GLOBAL__N_19num_put_cE+0 in /Users/tommasodecillis/.javacpp/cache/mkl-dnn-0.18.1-1.5-macosx-x86_64.jar/org/bytedeco/mkldnn/macosx-x86_64/libstdc++.6.dylib at 0x0000000131d59000
RCX=0x0000000131e7d480: _ZTISt7num_putIcSt19ostreambuf_iteratorIcSt11char_traitsIcEEE+0 in /Users/tommasodecillis/.javacpp/cache/mkl-dnn-0.18.1-1.5-macosx-x86_64.jar/org/bytedeco/mkldnn/macosx-x86_64/libstdc++.6.dylib at 0x0000000131d59000
RDX=0x0000000000000006 is an unknown value
RSP=0x0000700007223980 is pointing into the stack for thread: 0x00007fc99080c800
RBP=0x0000700007223980 is pointing into the stack for thread: 0x00007fc99080c800
RSI=0x0000000000000000 is an unknown value
RDI=0x00007fff8e3c8f98: _ZTISt7num_putIcSt19ostreambuf_iteratorIcSt11char_traitsIcEEE+0 in /usr/lib/libstdc++.6.dylib at 0x00007fff63784000
R8 =0x0000000131e8e9b0: _ZN12_GLOBAL__N_19num_put_cE+0 in /Users/tommasodecillis/.javacpp/cache/mkl-dnn-0.18.1-1.5-macosx-x86_64.jar/org/bytedeco/mkldnn/macosx-x86_64/libstdc++.6.dylib at 0x0000000131d59000
R9 =0x0000000131e78870: _ZTINSt6locale5facetE+0 in /Users/tommasodecillis/.javacpp/cache/mkl-dnn-0.18.1-1.5-macosx-x86_64.jar/org/bytedeco/mkldnn/macosx-x86_64/libstdc++.6.dylib at 0x0000000131d59000
R10=0x00007fc98f8c6d50 is an unknown value
R11=0x0000000131e8fa40: _ZN12_GLOBAL__N_17ctype_cE+0 in /Users/tommasodecillis/.javacpp/cache/mkl-dnn-0.18.1-1.5-macosx-x86_64.jar/org/bytedeco/mkldnn/macosx-x86_64/libstdc++.6.dylib at 0x0000000131d59000
R12=0x0000000131e7d480: _ZTISt7num_putIcSt19ostreambuf_iteratorIcSt11char_traitsIcEEE+0 in /Users/tommasodecillis/.javacpp/cache/mkl-dnn-0.18.1-1.5-macosx-x86_64.jar/org/bytedeco/mkldnn/macosx-x86_64/libstdc++.6.dylib at 0x0000000131d59000
R13=0x0000000131e78870: _ZTINSt6locale5facetE+0 in /Users/tommasodecillis/.javacpp/cache/mkl-dnn-0.18.1-1.5-macosx-x86_64.jar/org/bytedeco/mkldnn/macosx-x86_64/libstdc++.6.dylib at 0x0000000131d59000
R14=0x00007fff8e3c92e0: _ZTVSo+0 in /usr/lib/libstdc++.6.dylib at 0x00007fff63784000
R15=0x00007fff8e4cdbd8: __stdoutp+0 in /usr/lib/system/libsystem_c.dylib at 0x00007fff646cb000


Stack: [0x000070000712d000,0x000070000722d000],  sp=0x0000700007223980,  free space=986k
Native frames: (J=compiled Java code, j=interpreted, Vv=VM code, C=native code)
C  [libc++abi.dylib+0x3260]  _ZNK10__cxxabiv120__si_class_type_info27has_unambiguous_public_baseEPNS_19__dynamic_cast_infoEPvi+0x4
C  [libstdc++.6.dylib+0xd2e1]  __dynamic_cast+0x71

Java frames: (J=compiled Java code, j=interpreted, Vv=VM code)
j  java.lang.ClassLoader$NativeLibrary.load(Ljava/lang/String;Z)V+0
j  java.lang.ClassLoader.loadLibrary0(Ljava/lang/Class;Ljava/io/File;)Z+328
j  java.lang.ClassLoader.loadLibrary(Ljava/lang/Class;Ljava/lang/String;Z)V+48
j  java.lang.Runtime.load0(Ljava/lang/Class;Ljava/lang/String;)V+57
j  java.lang.System.load(Ljava/lang/String;)V+7
j  org.bytedeco.javacpp.Loader.loadLibrary([Ljava/net/URL;Ljava/lang/String;[Ljava/lang/String;)Ljava/lang/String;+584
j  org.bytedeco.javacpp.Loader.load(Ljava/lang/Class;Ljava/util/Properties;Z)Ljava/lang/String;+451
j  org.bytedeco.javacpp.Loader.load()Ljava/lang/String;+10
j  org.nd4j.nativeblas.Nd4jCpu.<clinit>()V+0
v  ~StubRoutines::call_stub
j  java.lang.Class.forName0(Ljava/lang/String;ZLjava/lang/ClassLoader;Ljava/lang/Class;)Ljava/lang/Class;+0
j  java.lang.Class.forName(Ljava/lang/String;ZLjava/lang/ClassLoader;)Ljava/lang/Class;+49
j  org.bytedeco.javacpp.Loader.load(Ljava/lang/Class;Ljava/util/Properties;Z)Ljava/lang/String;+236
j  org.bytedeco.javacpp.Loader.load()Ljava/lang/String;+10
j  org.nd4j.nativeblas.Nd4jCpu$NativeOps.<clinit>()V+0
v  ~StubRoutines::call_stub
j  java.lang.Class.forName0(Ljava/lang/String;ZLjava/lang/ClassLoader;Ljava/lang/Class;)Ljava/lang/Class;+0
j  java.lang.Class.forName(Ljava/lang/String;)Ljava/lang/Class;+11
j  org.nd4j.nativeblas.NativeOpsHolder.<init>()V+27
j  org.nd4j.nativeblas.NativeOpsHolder.<clinit>()V+12
v  ~StubRoutines::call_stub
j  org.nd4j.linalg.cpu.nativecpu.ops.NativeOpExecutioner.<init>()V+5
v  ~StubRoutines::call_stub
j  sun.reflect.NativeConstructorAccessorImpl.newInstance0(Ljava/lang/reflect/Constructor;[Ljava/lang/Object;)Ljava/lang/Object;+0
j  sun.reflect.NativeConstructorAccessorImpl.newInstance([Ljava/lang/Object;)Ljava/lang/Object;+85
j  sun.reflect.DelegatingConstructorAccessorImpl.newInstance([Ljava/lang/Object;)Ljava/lang/Object;+5
j  java.lang.reflect.Constructor.newInstance([Ljava/lang/Object;)Ljava/lang/Object;+79
j  java.lang.Class.newInstance()Ljava/lang/Object;+138
j  org.nd4j.linalg.factory.Nd4j.initWithBackend(Lorg/nd4j/linalg/factory/Nd4jBackend;)V+533
j  org.nd4j.linalg.factory.Nd4j.initContext()V+25
j  org.nd4j.linalg.factory.Nd4j.<clinit>()V+114
v  ~StubRoutines::call_stub
j  org.deeplearning4j.util.ModelSerializer.restoreMultiLayerNetwork(Ljava/io/File;Z)Lorg/deeplearning4j/nn/multilayer/MultiLayerNetwork;+199
j  org.deeplearning4j.util.ModelSerializer.restoreMultiLayerNetwork(Ljava/io/InputStream;Z)Lorg/deeplearning4j/nn/multilayer/MultiLayerNetwork;+27
j  org.deeplearning4j.nn.multilayer.MultiLayerNetwork.readObject(Ljava/io/ObjectInputStream;)V+2
v  ~StubRoutines::call_stub
j  sun.reflect.NativeMethodAccessorImpl.invoke0(Ljava/lang/reflect/Method;Ljava/lang/Object;[Ljava/lang/Object;)Ljava/lang/Object;+0
j  sun.reflect.NativeMethodAccessorImpl.invoke(Ljava/lang/Object;[Ljava/lang/Object;)Ljava/lang/Object;+100
j  sun.reflect.DelegatingMethodAccessorImpl.invoke(Ljava/lang/Object;[Ljava/lang/Object;)Ljava/lang/Object;+6
j  java.lang.reflect.Method.invoke(Ljava/lang/Object;[Ljava/lang/Object;)Ljava/lang/Object;+56
j  java.io.ObjectStreamClass.invokeReadObject(Ljava/lang/Object;Ljava/io/ObjectInputStream;)V+24
j  java.io.ObjectInputStream.readSerialData(Ljava/lang/Object;Ljava/io/ObjectStreamClass;)V+119
j  java.io.ObjectInputStream.readOrdinaryObject(Z)Ljava/lang/Object;+181
j  java.io.ObjectInputStream.readObject0(Z)Ljava/lang/Object;+389
j  java.io.ObjectInputStream.readObject()Ljava/lang/Object;+19
j  backEnd.CharacterRecognizing.<init>()V+478
j  frontEnd.MainGui.<init>()V+71
j  frontEnd.MainGui.main([Ljava/lang/String;)V+4
v  ~StubRoutines::call_stub

---------------  P R O C E S S  ---------------

Java Threads: ( => current thread )
  0x00007fc990492000 JavaThread "JavaCPP Deallocator" daemon [_thread_blocked, id=60759, stack(0x0000700008d0d000,0x0000700008e0d000)]
  0x00007fc990ba9800 JavaThread "Image Fetcher 0" daemon [_thread_blocked, id=60431, stack(0x0000700008c0a000,0x0000700008d0a000)]
  0x00007fc98e2eb000 JavaThread "Java2D Disposer" daemon [_thread_blocked, id=57619, stack(0x0000700008b07000,0x0000700008c07000)]
  0x00007fc990b4b000 JavaThread "Java2D Queue Flusher" daemon [_thread_blocked, id=57863, stack(0x0000700008a04000,0x0000700008b04000)]
  0x00007fc9908bc800 JavaThread "AWT-Shutdown" [_thread_blocked, id=26651, stack(0x000070000856c000,0x000070000866c000)]
  0x00007fc9908b6800 JavaThread "AppKit Thread" daemon [_thread_in_native, id=775, stack(0x00007ffee1363000,0x00007ffee1b63000)]
  0x00007fc98e021800 JavaThread "Service Thread" daemon [_thread_blocked, id=16387, stack(0x0000700008366000,0x0000700008466000)]
  0x00007fc98e00e800 JavaThread "C1 CompilerThread3" daemon [_thread_blocked, id=15875, stack(0x0000700008263000,0x0000700008363000)]
  0x00007fc98e00e000 JavaThread "C2 CompilerThread2" daemon [_thread_blocked, id=15619, stack(0x0000700008160000,0x0000700008260000)]
  0x00007fc98e00d000 JavaThread "C2 CompilerThread1" daemon [_thread_blocked, id=15363, stack(0x000070000805d000,0x000070000815d000)]
  0x00007fc992032000 JavaThread "C2 CompilerThread0" daemon [_thread_blocked, id=15107, stack(0x0000700007f5a000,0x000070000805a000)]
  0x00007fc992031000 JavaThread "Signal Dispatcher" daemon [_thread_blocked, id=18179, stack(0x0000700007e57000,0x0000700007f57000)]
  0x00007fc990815000 JavaThread "Finalizer" daemon [_thread_blocked, id=20227, stack(0x0000700007c4e000,0x0000700007d4e000)]
  0x00007fc992016000 JavaThread "Reference Handler" daemon [_thread_blocked, id=20483, stack(0x0000700007b4b000,0x0000700007c4b000)]
=>0x00007fc99080c800 JavaThread "main" [_thread_in_native, id=4355, stack(0x000070000712d000,0x000070000722d000)]

Other Threads:
  0x00007fc992013800 VMThread [stack: 0x0000700007a48000,0x0000700007b48000] [id=12547]
  0x00007fc990019000 WatcherThread [stack: 0x0000700008469000,0x0000700008569000] [id=16899]

VM state:not at safepoint (normal execution)

VM Mutex/Monitor currently owned by a thread: None

Heap:
 PSYoungGen      total 76288K, used 64296K [0x000000076ab00000, 0x0000000770000000, 0x00000007c0000000)
  eden space 65536K, 81% used [0x000000076ab00000,0x000000076df4a4e8,0x000000076eb00000)
  from space 10752K, 99% used [0x000000076eb00000,0x000000076f57fed8,0x000000076f580000)
  to   space 10752K, 0% used [0x000000076f580000,0x000000076f580000,0x0000000770000000)
 ParOldGen       total 175104K, used 24K [0x00000006c0000000, 0x00000006cab00000, 0x000000076ab00000)
  object space 175104K, 0% used [0x00000006c0000000,0x00000006c0006000,0x00000006cab00000)
 Metaspace       used 14443K, capacity 14664K, committed 14848K, reserved 1062912K
  class space    used 1907K, capacity 1992K, committed 2048K, reserved 1048576K

Card table byte_map: [0x0000000110561000,0x0000000110d62000] byte_map_base: 0x000000010cf61000

Marking Bits: (ParMarkBitMap*) 0x000000010faefd20
 Begin Bits: [0x00000001112b8000, 0x00000001152b8000)
 End Bits:   [0x00000001152b8000, 0x00000001192b8000)

Polling page: 0x000000010e10f000

CodeCache: size=245760Kb used=4027Kb max_used=4046Kb free=241732Kb
 bounds [0x000000011bcf8000, 0x000000011c0f8000, 0x000000012acf8000]
 total_blobs=1547 nmethods=977 adapters=484
 compilation: enabled

Compilation events (10 events):
Event: 3.331 Thread 0x00007fc98e00e800 nmethod 973 0x000000011c0b9650 code [0x000000011c0b97c0, 0x000000011c0b9910]
Event: 3.331 Thread 0x00007fc98e00e800  975       3       sun.nio.cs.UTF_8$Encoder::encodeArrayLoop (489 bytes)
Event: 3.332 Thread 0x00007fc992032000 nmethod 974 0x000000011c0ccf90 code [0x000000011c0cd0e0, 0x000000011c0cd1e8]
Event: 3.332 Thread 0x00007fc98e00d000 nmethod 970 0x000000011c0ccad0 code [0x000000011c0ccc40, 0x000000011c0ccdb8]
Event: 3.334 Thread 0x00007fc98e00e800 nmethod 975 0x000000011c0e9050 code [0x000000011c0e95c0, 0x000000011c0ecc48]
Event: 3.387 Thread 0x00007fc98e00e000 nmethod 969 0x000000011c0ef150 code [0x000000011c0ef520, 0x000000011c0f23c0]
Event: 3.422 Thread 0x00007fc98e00e800  976       3       sun.awt.AWTAutoShutdown::getInstance (4 bytes)
Event: 3.422 Thread 0x00007fc98e00e800 nmethod 976 0x000000011c0beb50 code [0x000000011c0beca0, 0x000000011c0bedd0]
Event: 3.422 Thread 0x00007fc98e00e800  977   !   3       sun.awt.AWTAutoShutdown::setToolkitBusy (124 bytes)
Event: 3.423 Thread 0x00007fc98e00e800 nmethod 977 0x000000011c0cf1d0 code [0x000000011c0cf3a0, 0x000000011c0cfc48]

GC Heap History (2 events):
Event: 3.134 GC heap before
{Heap before GC invocations=1 (full 0):
 PSYoungGen      total 76288K, used 65536K [0x000000076ab00000, 0x0000000770000000, 0x00000007c0000000)
  eden space 65536K, 100% used [0x000000076ab00000,0x000000076eb00000,0x000000076eb00000)
  from space 10752K, 0% used [0x000000076f580000,0x000000076f580000,0x0000000770000000)
  to   space 10752K, 0% used [0x000000076eb00000,0x000000076eb00000,0x000000076f580000)
 ParOldGen       total 175104K, used 0K [0x00000006c0000000, 0x00000006cab00000, 0x000000076ab00000)
  object space 175104K, 0% used [0x00000006c0000000,0x00000006c0000000,0x00000006cab00000)
 Metaspace       used 14414K, capacity 14600K, committed 14848K, reserved 1062912K
  class space    used 1907K, capacity 1992K, committed 2048K, reserved 1048576K
Event: 3.143 GC heap after
Heap after GC invocations=1 (full 0):
 PSYoungGen      total 76288K, used 10751K [0x000000076ab00000, 0x0000000770000000, 0x00000007c0000000)
  eden space 65536K, 0% used [0x000000076ab00000,0x000000076ab00000,0x000000076eb00000)
  from space 10752K, 99% used [0x000000076eb00000,0x000000076f57fed8,0x000000076f580000)
  to   space 10752K, 0% used [0x000000076f580000,0x000000076f580000,0x0000000770000000)
 ParOldGen       total 175104K, used 24K [0x00000006c0000000, 0x00000006cab00000, 0x000000076ab00000)
  object space 175104K, 0% used [0x00000006c0000000,0x00000006c0006000,0x00000006cab00000)
 Metaspace       used 14414K, capacity 14600K, committed 14848K, reserved 1062912K
  class space    used 1907K, capacity 1992K, committed 2048K, reserved 1048576K
}

Deoptimization events (10 events):
Event: 3.001 Thread 0x00007fc99080c800 Uncommon trap: reason=unstable_if action=reinterpret pc=0x000000011c0353d4 method=java.util.Properties.loadConvert([CII[C)Ljava/lang/String; @ 72
Event: 3.086 Thread 0x00007fc99080c800 Uncommon trap: reason=unstable_if action=reinterpret pc=0x000000011c07aa04 method=java.util.HashMap.getNode(ILjava/lang/Object;)Ljava/util/HashMap$Node; @ 62
Event: 3.086 Thread 0x00007fc99080c800 Uncommon trap: reason=class_check action=maybe_recompile pc=0x000000011c00e04c method=java.util.HashMap.putVal(ILjava/lang/Object;Ljava/lang/Object;ZZ)Ljava/lang/Object; @ 91
Event: 3.086 Thread 0x00007fc99080c800 Uncommon trap: reason=unstable_if action=reinterpret pc=0x000000011c009dec method=java.util.HashMap.getNode(ILjava/lang/Object;)Ljava/util/HashMap$Node; @ 62
Event: 3.086 Thread 0x00007fc99080c800 Uncommon trap: reason=class_check action=maybe_recompile pc=0x000000011c00e04c method=java.util.HashMap.putVal(ILjava/lang/Object;Ljava/lang/Object;ZZ)Ljava/lang/Object; @ 91
Event: 3.086 Thread 0x00007fc99080c800 Uncommon trap: reason=class_check action=maybe_recompile pc=0x000000011c00e04c method=java.util.HashMap.putVal(ILjava/lang/Object;Ljava/lang/Object;ZZ)Ljava/lang/Object; @ 91
Event: 3.086 Thread 0x00007fc99080c800 Uncommon trap: reason=class_check action=maybe_recompile pc=0x000000011c00e04c method=java.util.HashMap.putVal(ILjava/lang/Object;Ljava/lang/Object;ZZ)Ljava/lang/Object; @ 91
Event: 3.087 Thread 0x00007fc99080c800 Uncommon trap: reason=unstable_if action=reinterpret pc=0x000000011c01a1f4 method=java.util.LinkedHashMap.afterNodeInsertion(Z)V @ 1
Event: 3.096 Thread 0x00007fc99080c800 Uncommon trap: reason=unstable_if action=reinterpret pc=0x000000011bf4ad58 method=java.lang.String.split(Ljava/lang/String;I)[Ljava/lang/String; @ 207
Event: 3.118 Thread 0x00007fc99080c800 Uncommon trap: reason=unstable_if action=reinterpret pc=0x000000011c07f2dc method=java.lang.String.lastIndexOf([CII[CIII)I @ 118

Internal exceptions (10 events):
Event: 1.585 Thread 0x00007fc99080c800 Exception <a 'java/security/PrivilegedActionException'> (0x000000076b24a878) thrown at [/Users/java_re/workspace/8-2-build-macosx-x86_64/jdk8u111/7883/hotspot/src/share/vm/prims/jvm.cpp, line 1386]
Event: 1.585 Thread 0x00007fc99080c800 Exception <a 'java/security/PrivilegedActionException'> (0x000000076b24bc38) thrown at [/Users/java_re/workspace/8-2-build-macosx-x86_64/jdk8u111/7883/hotspot/src/share/vm/prims/jvm.cpp, line 1386]
Event: 1.585 Thread 0x00007fc99080c800 Exception <a 'java/security/PrivilegedActionException'> (0x000000076b24c030) thrown at [/Users/java_re/workspace/8-2-build-macosx-x86_64/jdk8u111/7883/hotspot/src/share/vm/prims/jvm.cpp, line 1386]
Event: 1.585 Thread 0x00007fc99080c800 Exception <a 'java/security/PrivilegedActionException'> (0x000000076b24d3f0) thrown at [/Users/java_re/workspace/8-2-build-macosx-x86_64/jdk8u111/7883/hotspot/src/share/vm/prims/jvm.cpp, line 1386]
Event: 1.585 Thread 0x00007fc99080c800 Exception <a 'java/security/PrivilegedActionException'> (0x000000076b24d7e8) thrown at [/Users/java_re/workspace/8-2-build-macosx-x86_64/jdk8u111/7883/hotspot/src/share/vm/prims/jvm.cpp, line 1386]
Event: 1.585 Thread 0x00007fc99080c800 Exception <a 'java/security/PrivilegedActionException'> (0x000000076b24eb80) thrown at [/Users/java_re/workspace/8-2-build-macosx-x86_64/jdk8u111/7883/hotspot/src/share/vm/prims/jvm.cpp, line 1386]
Event: 1.585 Thread 0x00007fc99080c800 Exception <a 'java/security/PrivilegedActionException'> (0x000000076b24ef78) thrown at [/Users/java_re/workspace/8-2-build-macosx-x86_64/jdk8u111/7883/hotspot/src/share/vm/prims/jvm.cpp, line 1386]
Event: 1.585 Thread 0x00007fc99080c800 Exception <a 'java/security/PrivilegedActionException'> (0x000000076b250340) thrown at [/Users/java_re/workspace/8-2-build-macosx-x86_64/jdk8u111/7883/hotspot/src/share/vm/prims/jvm.cpp, line 1386]
Event: 1.585 Thread 0x00007fc99080c800 Exception <a 'java/security/PrivilegedActionException'> (0x000000076b250738) thrown at [/Users/java_re/workspace/8-2-build-macosx-x86_64/jdk8u111/7883/hotspot/src/share/vm/prims/jvm.cpp, line 1386]
Event: 2.922 Thread 0x00007fc99080c800 Implicit null exception at 0x000000011c0075af to 0x000000011c0076bd

Events (10 events):
Event: 3.118 Thread 0x00007fc99080c800 DEOPT PACKING pc=0x000000011c07f2dc sp=0x00007000072289a0
Event: 3.118 Thread 0x00007fc99080c800 DEOPT UNPACKING pc=0x000000011bcfd229 sp=0x0000700007228918 mode 2
Event: 3.134 Executing VM operation: ParallelGCFailedAllocation
Event: 3.143 Executing VM operation: ParallelGCFailedAllocation done
Event: 3.171 Thread 0x00007fc99080c800 DEOPT PACKING pc=0x000000011c098e04 sp=0x0000700007227c50
Event: 3.171 Thread 0x00007fc99080c800 DEOPT UNPACKING pc=0x000000011bd3f633 sp=0x00007000072279c8 mode 0
Event: 3.178 Thread 0x00007fc99080c800 DEOPT PACKING pc=0x000000011c098e04 sp=0x0000700007227c50
Event: 3.178 Thread 0x00007fc99080c800 DEOPT UNPACKING pc=0x000000011bd3f633 sp=0x00007000072279c8 mode 0
Event: 3.324 Thread 0x00007fc99080c800 DEOPT PACKING pc=0x000000011c0927eb sp=0x0000700007227c10
Event: 3.324 Thread 0x00007fc99080c800 DEOPT UNPACKING pc=0x000000011bd3f633 sp=0x0000700007227948 mode 0


Dynamic libraries:
0x0000000001465000 	/System/Library/Frameworks/Cocoa.framework/Versions/A/Cocoa
0x0000000001465000 	/System/Library/Frameworks/Security.framework/Versions/A/Security
0x0000000001465000 	/System/Library/Frameworks/ApplicationServices.framework/Versions/A/ApplicationServices
0x0000000001465000 	/usr/lib/libz.1.dylib
0x0000000001465000 	/usr/lib/libSystem.B.dylib
0x0000000001465000 	/usr/lib/libobjc.A.dylib
0x0000000001465000 	/System/Library/Frameworks/CoreFoundation.framework/Versions/A/CoreFoundation
0x0000000001465000 	/System/Library/Frameworks/Foundation.framework/Versions/C/Foundation
0x0000000001465000 	/System/Library/Frameworks/AppKit.framework/Versions/C/AppKit
0x0000000001465000 	/System/Library/Frameworks/CoreData.framework/Versions/A/CoreData
0x0000000001465000 	/System/Library/PrivateFrameworks/UIFoundation.framework/Versions/A/UIFoundation
0x0000000001465000 	/System/Library/PrivateFrameworks/RemoteViewServices.framework/Versions/A/RemoteViewServices
0x0000000001465000 	/System/Library/PrivateFrameworks/XCTTargetBootstrap.framework/Versions/A/XCTTargetBootstrap
0x0000000001465000 	/System/Library/Frameworks/CoreDisplay.framework/Versions/A/CoreDisplay
0x0000000001465000 	/System/Library/Frameworks/Metal.framework/Versions/A/Metal
0x0000000001465000 	/System/Library/PrivateFrameworks/DesktopServicesPriv.framework/Versions/A/DesktopServicesPriv
0x0000000001465000 	/usr/lib/liblangid.dylib
0x0000000001465000 	/System/Library/PrivateFrameworks/CoreSVG.framework/Versions/A/CoreSVG
0x0000000001465000 	/System/Library/PrivateFrameworks/SkyLight.framework/Versions/A/SkyLight
0x0000000001465000 	/System/Library/Frameworks/CoreGraphics.framework/Versions/A/CoreGraphics
0x0000000001465000 	/System/Library/Frameworks/Accelerate.framework/Versions/A/Accelerate
0x0000000001465000 	/usr/lib/libxml2.2.dylib
0x0000000001465000 	/System/Library/PrivateFrameworks/IconServices.framework/Versions/A/IconServices
0x0000000001465000 	/System/Library/Frameworks/IOSurface.framework/Versions/A/IOSurface
0x0000000001465000 	/usr/lib/libDiagnosticMessagesClient.dylib
0x0000000001465000 	/System/Library/PrivateFrameworks/DFRFoundation.framework/Versions/A/DFRFoundation
0x0000000001465000 	/usr/lib/libicucore.A.dylib
0x0000000001465000 	/System/Library/Frameworks/AudioToolbox.framework/Versions/A/AudioToolbox
0x0000000001465000 	/System/Library/Frameworks/AudioUnit.framework/Versions/A/AudioUnit
0x0000000001465000 	/usr/lib/libauto.dylib
0x0000000001465000 	/System/Library/PrivateFrameworks/DataDetectorsCore.framework/Versions/A/DataDetectorsCore
0x0000000001465000 	/System/Library/Frameworks/Carbon.framework/Versions/A/Frameworks/HIToolbox.framework/Versions/A/HIToolbox
0x0000000001465000 	/System/Library/Frameworks/QuartzCore.framework/Versions/A/QuartzCore
0x0000000001465000 	/System/Library/Frameworks/Carbon.framework/Versions/A/Frameworks/SpeechRecognition.framework/Versions/A/SpeechRecognition
0x0000000001465000 	/System/Library/PrivateFrameworks/CoreUI.framework/Versions/A/CoreUI
0x0000000001465000 	/System/Library/Frameworks/CoreAudio.framework/Versions/A/CoreAudio
0x0000000001465000 	/System/Library/Frameworks/DiskArbitration.framework/Versions/A/DiskArbitration
0x0000000001465000 	/System/Library/PrivateFrameworks/MultitouchSupport.framework/Versions/A/MultitouchSupport
0x0000000001465000 	/usr/lib/libenergytrace.dylib
0x0000000001465000 	/System/Library/Frameworks/IOKit.framework/Versions/A/IOKit
0x0000000001465000 	/System/Library/Frameworks/CoreServices.framework/Versions/A/CoreServices
0x0000000001465000 	/System/Library/PrivateFrameworks/PerformanceAnalysis.framework/Versions/A/PerformanceAnalysis
0x0000000001465000 	/System/Library/Frameworks/OpenGL.framework/Versions/A/OpenGL
0x0000000001465000 	/System/Library/Frameworks/ColorSync.framework/Versions/A/ColorSync
0x0000000001465000 	/System/Library/Frameworks/CoreImage.framework/Versions/A/CoreImage
0x0000000001465000 	/System/Library/Frameworks/CoreText.framework/Versions/A/CoreText
0x0000000001465000 	/System/Library/Frameworks/ImageIO.framework/Versions/A/ImageIO
0x0000000001465000 	/usr/lib/libc++.1.dylib
0x0000000001465000 	/usr/lib/libcompression.dylib
0x0000000001465000 	/usr/lib/libMobileGestalt.dylib
0x0000000001465000 	/System/Library/PrivateFrameworks/TextureIO.framework/Versions/A/TextureIO
0x0000000001465000 	/usr/lib/libate.dylib
0x0000000001465000 	/System/Library/PrivateFrameworks/InternationalSupport.framework/Versions/A/InternationalSupport
0x0000000001465000 	/usr/lib/system/libcache.dylib
0x0000000001465000 	/usr/lib/system/libcommonCrypto.dylib
0x0000000001465000 	/usr/lib/system/libcompiler_rt.dylib
0x0000000001465000 	/usr/lib/system/libcopyfile.dylib
0x0000000001465000 	/usr/lib/system/libcorecrypto.dylib
0x0000000001465000 	/usr/lib/system/libdispatch.dylib
0x0000000001465000 	/usr/lib/system/libdyld.dylib
0x0000000001465000 	/usr/lib/system/libkeymgr.dylib
0x0000000001465000 	/usr/lib/system/liblaunch.dylib
0x0000000001465000 	/usr/lib/system/libmacho.dylib
0x0000000001465000 	/usr/lib/system/libquarantine.dylib
0x0000000001465000 	/usr/lib/system/libremovefile.dylib
0x0000000001465000 	/usr/lib/system/libsystem_asl.dylib
0x0000000001465000 	/usr/lib/system/libsystem_blocks.dylib
0x0000000001465000 	/usr/lib/system/libsystem_c.dylib
0x0000000001465000 	/usr/lib/system/libsystem_configuration.dylib
0x0000000001465000 	/usr/lib/system/libsystem_coreservices.dylib
0x0000000001465000 	/usr/lib/system/libsystem_darwin.dylib
0x0000000001465000 	/usr/lib/system/libsystem_dnssd.dylib
0x0000000001465000 	/usr/lib/system/libsystem_featureflags.dylib
0x0000000001465000 	/usr/lib/system/libsystem_info.dylib
0x0000000001465000 	/usr/lib/system/libsystem_m.dylib
0x0000000001465000 	/usr/lib/system/libsystem_malloc.dylib
0x0000000001465000 	/usr/lib/system/libsystem_networkextension.dylib
0x0000000001465000 	/usr/lib/system/libsystem_notify.dylib
0x0000000001465000 	/usr/lib/system/libsystem_sandbox.dylib
0x0000000001465000 	/usr/lib/system/libsystem_secinit.dylib
0x0000000001465000 	/usr/lib/system/libsystem_kernel.dylib
0x0000000001465000 	/usr/lib/system/libsystem_platform.dylib
0x0000000001465000 	/usr/lib/system/libsystem_pthread.dylib
0x0000000001465000 	/usr/lib/system/libsystem_symptoms.dylib
0x0000000001465000 	/usr/lib/system/libsystem_trace.dylib
0x0000000001465000 	/usr/lib/system/libunwind.dylib
0x0000000001465000 	/usr/lib/system/libxpc.dylib
0x0000000001465000 	/usr/lib/libc++abi.dylib
0x0000000001465000 	/usr/lib/liblzma.5.dylib
0x0000000001465000 	/usr/lib/libfakelink.dylib
0x0000000001465000 	/usr/lib/libarchive.2.dylib
0x0000000001465000 	/System/Library/Frameworks/SystemConfiguration.framework/Versions/A/SystemConfiguration
0x0000000001465000 	/usr/lib/libCRFSuite.dylib
0x0000000001465000 	/System/Library/Frameworks/CFNetwork.framework/Versions/A/CFNetwork
0x0000000001465000 	/usr/lib/libbsm.0.dylib
0x0000000001465000 	/usr/lib/system/libkxld.dylib
0x0000000001465000 	/System/Library/PrivateFrameworks/AppleFSCompression.framework/Versions/A/AppleFSCompression
0x0000000001465000 	/usr/lib/libcoretls.dylib
0x0000000001465000 	/usr/lib/libcoretls_cfhelpers.dylib
0x0000000001465000 	/usr/lib/libpam.2.dylib
0x0000000001465000 	/usr/lib/libsqlite3.dylib
0x0000000001465000 	/usr/lib/libxar.1.dylib
0x0000000001465000 	/usr/lib/libbz2.1.0.dylib
0x0000000001465000 	/usr/lib/libiconv.2.dylib
0x0000000001465000 	/usr/lib/libcharset.1.dylib
0x0000000001465000 	/usr/lib/libnetwork.dylib
0x0000000001465000 	/usr/lib/libpcap.A.dylib
0x0000000001465000 	/usr/lib/libapple_nghttp2.dylib
0x0000000001465000 	/System/Library/Frameworks/CoreServices.framework/Versions/A/Frameworks/FSEvents.framework/Versions/A/FSEvents
0x0000000001465000 	/System/Library/Frameworks/CoreServices.framework/Versions/A/Frameworks/CarbonCore.framework/Versions/A/CarbonCore
0x0000000001465000 	/System/Library/Frameworks/CoreServices.framework/Versions/A/Frameworks/Metadata.framework/Versions/A/Metadata
0x0000000001465000 	/System/Library/Frameworks/CoreServices.framework/Versions/A/Frameworks/OSServices.framework/Versions/A/OSServices
0x0000000001465000 	/System/Library/Frameworks/CoreServices.framework/Versions/A/Frameworks/SearchKit.framework/Versions/A/SearchKit
0x0000000001465000 	/System/Library/Frameworks/CoreServices.framework/Versions/A/Frameworks/AE.framework/Versions/A/AE
0x0000000001465000 	/System/Library/Frameworks/CoreServices.framework/Versions/A/Frameworks/LaunchServices.framework/Versions/A/LaunchServices
0x0000000001465000 	/System/Library/Frameworks/CoreServices.framework/Versions/A/Frameworks/DictionaryServices.framework/Versions/A/DictionaryServices
0x0000000001465000 	/System/Library/Frameworks/CoreServices.framework/Versions/A/Frameworks/SharedFileList.framework/Versions/A/SharedFileList
0x0000000001465000 	/System/Library/Frameworks/NetFS.framework/Versions/A/NetFS
0x0000000001465000 	/System/Library/PrivateFrameworks/NetAuth.framework/Versions/A/NetAuth
0x0000000001465000 	/System/Library/PrivateFrameworks/login.framework/Versions/A/Frameworks/loginsupport.framework/Versions/A/loginsupport
0x0000000001465000 	/System/Library/PrivateFrameworks/TCC.framework/Versions/A/TCC
0x0000000001465000 	/System/Library/PrivateFrameworks/CoreNLP.framework/Versions/A/CoreNLP
0x0000000001465000 	/System/Library/PrivateFrameworks/MetadataUtilities.framework/Versions/A/MetadataUtilities
0x0000000001465000 	/usr/lib/libmecabra.dylib
0x0000000001465000 	/usr/lib/libmecab.dylib
0x0000000001465000 	/usr/lib/libgermantok.dylib
0x0000000001465000 	/usr/lib/libThaiTokenizer.dylib
0x0000000001465000 	/usr/lib/libChineseTokenizer.dylib
0x0000000001465000 	/System/Library/Frameworks/Accelerate.framework/Versions/A/Frameworks/vImage.framework/Versions/A/vImage
0x0000000001465000 	/System/Library/Frameworks/Accelerate.framework/Versions/A/Frameworks/vecLib.framework/Versions/A/vecLib
0x0000000001465000 	/System/Library/Frameworks/Accelerate.framework/Versions/A/Frameworks/vecLib.framework/Versions/A/libvMisc.dylib
0x0000000001465000 	/System/Library/Frameworks/Accelerate.framework/Versions/A/Frameworks/vecLib.framework/Versions/A/libvDSP.dylib
0x0000000001465000 	/System/Library/Frameworks/Accelerate.framework/Versions/A/Frameworks/vecLib.framework/Versions/A/libBLAS.dylib
0x0000000001465000 	/System/Library/Frameworks/Accelerate.framework/Versions/A/Frameworks/vecLib.framework/Versions/A/libLAPACK.dylib
0x0000000001465000 	/System/Library/Frameworks/Accelerate.framework/Versions/A/Frameworks/vecLib.framework/Versions/A/libLinearAlgebra.dylib
0x0000000001465000 	/System/Library/Frameworks/Accelerate.framework/Versions/A/Frameworks/vecLib.framework/Versions/A/libSparseBLAS.dylib
0x0000000001465000 	/System/Library/Frameworks/Accelerate.framework/Versions/A/Frameworks/vecLib.framework/Versions/A/libQuadrature.dylib
0x0000000001465000 	/System/Library/Frameworks/Accelerate.framework/Versions/A/Frameworks/vecLib.framework/Versions/A/libBNNS.dylib
0x0000000001465000 	/System/Library/Frameworks/Accelerate.framework/Versions/A/Frameworks/vecLib.framework/Versions/A/libSparse.dylib
0x0000000001465000 	/System/Library/PrivateFrameworks/LanguageModeling.framework/Versions/A/LanguageModeling
0x0000000001465000 	/System/Library/PrivateFrameworks/CoreEmoji.framework/Versions/A/CoreEmoji
0x0000000001465000 	/System/Library/PrivateFrameworks/LinguisticData.framework/Versions/A/LinguisticData
0x0000000001465000 	/System/Library/PrivateFrameworks/Lexicon.framework/Versions/A/Lexicon
0x0000000001465000 	/usr/lib/libcmph.dylib
0x0000000001465000 	/System/Library/Frameworks/OpenDirectory.framework/Versions/A/Frameworks/CFOpenDirectory.framework/Versions/A/CFOpenDirectory
0x0000000001465000 	/System/Library/Frameworks/OpenDirectory.framework/Versions/A/OpenDirectory
0x0000000001465000 	/System/Library/PrivateFrameworks/APFS.framework/Versions/A/APFS
0x0000000001465000 	/System/Library/Frameworks/SecurityFoundation.framework/Versions/A/SecurityFoundation
0x0000000001465000 	/usr/lib/libutil.dylib
0x0000000001465000 	/System/Library/PrivateFrameworks/CoreServicesStore.framework/Versions/A/CoreServicesStore
0x0000000001465000 	/System/Library/Frameworks/ServiceManagement.framework/Versions/A/ServiceManagement
0x0000000001465000 	/System/Library/PrivateFrameworks/BackgroundTaskManagement.framework/Versions/A/BackgroundTaskManagement
0x0000000001465000 	/usr/lib/libxslt.1.dylib
0x0000000001465000 	/System/Library/PrivateFrameworks/AppleSystemInfo.framework/Versions/A/AppleSystemInfo
0x0000000001465000 	/System/Library/Frameworks/ImageIO.framework/Versions/A/Resources/libJPEG.dylib
0x0000000001465000 	/System/Library/Frameworks/ImageIO.framework/Versions/A/Resources/libTIFF.dylib
0x0000000001465000 	/System/Library/Frameworks/ImageIO.framework/Versions/A/Resources/libPng.dylib
0x0000000001465000 	/System/Library/Frameworks/ImageIO.framework/Versions/A/Resources/libGIF.dylib
0x0000000001465000 	/System/Library/Frameworks/ImageIO.framework/Versions/A/Resources/libJP2.dylib
0x0000000001465000 	/System/Library/Frameworks/ImageIO.framework/Versions/A/Resources/libRadiance.dylib
0x0000000001465000 	/usr/lib/libexpat.1.dylib
0x0000000001465000 	/System/Library/PrivateFrameworks/AppleJPEG.framework/Versions/A/AppleJPEG
0x0000000001465000 	/System/Library/PrivateFrameworks/FontServices.framework/libFontParser.dylib
0x0000000001465000 	/System/Library/PrivateFrameworks/WatchdogClient.framework/Versions/A/WatchdogClient
0x0000000001465000 	/System/Library/PrivateFrameworks/IOAccelerator.framework/Versions/A/IOAccelerator
0x0000000001465000 	/System/Library/Frameworks/MetalPerformanceShaders.framework/Versions/A/MetalPerformanceShaders
0x0000000001465000 	/System/Library/PrivateFrameworks/GPUWrangler.framework/Versions/A/GPUWrangler
0x0000000001465000 	/System/Library/PrivateFrameworks/IOPresentment.framework/Versions/A/IOPresentment
0x0000000001465000 	/System/Library/PrivateFrameworks/DSExternalDisplay.framework/Versions/A/DSExternalDisplay
0x0000000001465000 	/System/Library/Frameworks/OpenGL.framework/Versions/A/Libraries/libCoreFSCache.dylib
0x0000000001465000 	/System/Library/Frameworks/MetalPerformanceShaders.framework/Frameworks/MPSCore.framework/Versions/A/MPSCore
0x0000000001465000 	/System/Library/Frameworks/MetalPerformanceShaders.framework/Frameworks/MPSImage.framework/Versions/A/MPSImage
0x0000000001465000 	/System/Library/Frameworks/MetalPerformanceShaders.framework/Frameworks/MPSNeuralNetwork.framework/Versions/A/MPSNeuralNetwork
0x0000000001465000 	/System/Library/Frameworks/MetalPerformanceShaders.framework/Frameworks/MPSMatrix.framework/Versions/A/MPSMatrix
0x0000000001465000 	/System/Library/Frameworks/MetalPerformanceShaders.framework/Frameworks/MPSRayIntersector.framework/Versions/A/MPSRayIntersector
0x0000000001465000 	/System/Library/Frameworks/MetalPerformanceShaders.framework/Frameworks/MPSNDArray.framework/Versions/A/MPSNDArray
0x0000000001465000 	/System/Library/PrivateFrameworks/MetalTools.framework/Versions/A/MetalTools
0x0000000001465000 	/System/Library/PrivateFrameworks/AggregateDictionary.framework/Versions/A/AggregateDictionary
0x0000000001465000 	/System/Library/PrivateFrameworks/CoreAnalytics.framework/Versions/A/CoreAnalytics
0x0000000001465000 	/System/Library/PrivateFrameworks/AppleSauce.framework/Versions/A/AppleSauce
0x0000000001465000 	/usr/lib/libIOReport.dylib
0x0000000001465000 	/System/Library/Frameworks/CoreVideo.framework/Versions/A/CoreVideo
0x0000000001465000 	/System/Library/PrivateFrameworks/GraphVisualizer.framework/Versions/A/GraphVisualizer
0x0000000001465000 	/System/Library/PrivateFrameworks/FaceCore.framework/Versions/A/FaceCore
0x0000000001465000 	/System/Library/Frameworks/OpenCL.framework/Versions/A/OpenCL
0x0000000001465000 	/usr/lib/libFosl_dynamic.dylib
0x0000000001465000 	/System/Library/PrivateFrameworks/OTSVG.framework/Versions/A/OTSVG
0x0000000001465000 	/System/Library/Frameworks/ApplicationServices.framework/Versions/A/Frameworks/ATS.framework/Versions/A/Resources/libFontRegistry.dylib
0x0000000001465000 	/System/Library/PrivateFrameworks/FontServices.framework/libhvf.dylib
0x0000000001465000 	/System/Library/Frameworks/OpenGL.framework/Versions/A/Libraries/libGFXShared.dylib
0x0000000001465000 	/System/Library/Frameworks/OpenGL.framework/Versions/A/Libraries/libGLU.dylib
0x0000000001465000 	/System/Library/Frameworks/OpenGL.framework/Versions/A/Libraries/libGL.dylib
0x0000000001465000 	/System/Library/Frameworks/OpenGL.framework/Versions/A/Libraries/libGLImage.dylib
0x0000000001465000 	/System/Library/Frameworks/OpenGL.framework/Versions/A/Libraries/libCVMSPluginSupport.dylib
0x0000000001465000 	/System/Library/Frameworks/OpenGL.framework/Versions/A/Libraries/libCoreVMClient.dylib
0x0000000001465000 	/usr/lib/libncurses.5.4.dylib
0x0000000001465000 	/System/Library/Frameworks/ApplicationServices.framework/Versions/A/Frameworks/ATS.framework/Versions/A/ATS
0x0000000001465000 	/System/Library/Frameworks/ApplicationServices.framework/Versions/A/Frameworks/ColorSyncLegacy.framework/Versions/A/ColorSyncLegacy
0x0000000001465000 	/System/Library/Frameworks/ApplicationServices.framework/Versions/A/Frameworks/HIServices.framework/Versions/A/HIServices
0x0000000001465000 	/System/Library/Frameworks/ApplicationServices.framework/Versions/A/Frameworks/LangAnalysis.framework/Versions/A/LangAnalysis
0x0000000001465000 	/System/Library/Frameworks/ApplicationServices.framework/Versions/A/Frameworks/PrintCore.framework/Versions/A/PrintCore
0x0000000001465000 	/System/Library/Frameworks/ApplicationServices.framework/Versions/A/Frameworks/QD.framework/Versions/A/QD
0x0000000001465000 	/System/Library/Frameworks/ApplicationServices.framework/Versions/A/Frameworks/SpeechSynthesis.framework/Versions/A/SpeechSynthesis
0x0000000001465000 	/System/Library/Frameworks/ApplicationServices.framework/Versions/A/Frameworks/ATSUI.framework/Versions/A/ATSUI
0x0000000001465000 	/usr/lib/libcups.2.dylib
0x0000000001465000 	/System/Library/Frameworks/Kerberos.framework/Versions/A/Kerberos
0x0000000001465000 	/System/Library/Frameworks/GSS.framework/Versions/A/GSS
0x0000000001465000 	/usr/lib/libresolv.9.dylib
0x0000000001465000 	/System/Library/PrivateFrameworks/Heimdal.framework/Versions/A/Heimdal
0x0000000001465000 	/System/Library/Frameworks/Kerberos.framework/Versions/A/Libraries/libHeimdalProxy.dylib
0x0000000001465000 	/usr/lib/libheimdal-asn1.dylib
0x0000000001465000 	/System/Library/PrivateFrameworks/CommonAuth.framework/Versions/A/CommonAuth
0x0000000001465000 	/System/Library/PrivateFrameworks/AssertionServices.framework/Versions/A/AssertionServices
0x0000000001465000 	/System/Library/PrivateFrameworks/AudioToolboxCore.framework/Versions/A/AudioToolboxCore
0x0000000001465000 	/System/Library/PrivateFrameworks/caulk.framework/Versions/A/caulk
0x0000000001465000 	/System/Library/PrivateFrameworks/BaseBoard.framework/Versions/A/BaseBoard
0x0000000001465000 	/System/Library/PrivateFrameworks/RunningBoardServices.framework/Versions/A/RunningBoardServices
0x0000000001465000 	/System/Library/PrivateFrameworks/PersistentConnection.framework/Versions/A/PersistentConnection
0x0000000001465000 	/System/Library/PrivateFrameworks/ProtocolBuffer.framework/Versions/A/ProtocolBuffer
0x0000000001465000 	/System/Library/PrivateFrameworks/CommonUtilities.framework/Versions/A/CommonUtilities
0x0000000001465000 	/System/Library/PrivateFrameworks/Bom.framework/Versions/A/Bom
0x0000000001465000 	/usr/lib/libAudioToolboxUtility.dylib
0x0000000001465000 	/System/Library/PrivateFrameworks/Backup.framework/Versions/A/Backup
0x0000000001465000 	/System/Library/PrivateFrameworks/CrashReporterSupport.framework/Versions/A/CrashReporterSupport
0x0000000001465000 	/System/Library/PrivateFrameworks/Sharing.framework/Versions/A/Sharing
0x0000000001465000 	/System/Library/PrivateFrameworks/Apple80211.framework/Versions/A/Apple80211
0x0000000001465000 	/System/Library/PrivateFrameworks/AuthKit.framework/Versions/A/AuthKit
0x0000000001465000 	/System/Library/PrivateFrameworks/CoreUtils.framework/Versions/A/CoreUtils
0x0000000001465000 	/System/Library/Frameworks/CoreWLAN.framework/Versions/A/CoreWLAN
0x0000000001465000 	/System/Library/Frameworks/IOBluetooth.framework/Versions/A/IOBluetooth
0x0000000001465000 	/System/Library/PrivateFrameworks/MobileKeyBag.framework/Versions/A/MobileKeyBag
0x0000000001465000 	/System/Library/PrivateFrameworks/CorePhoneNumbers.framework/Versions/A/CorePhoneNumbers
0x0000000001465000 	/System/Library/PrivateFrameworks/AppleIDAuthSupport.framework/Versions/A/AppleIDAuthSupport
0x0000000001465000 	/System/Library/Frameworks/Network.framework/Versions/A/Network
0x0000000001465000 	/System/Library/PrivateFrameworks/KeychainCircle.framework/Versions/A/KeychainCircle
0x0000000001465000 	/System/Library/Frameworks/CoreBluetooth.framework/Versions/A/CoreBluetooth
0x0000000001465000 	/System/Library/PrivateFrameworks/SpeechRecognitionCore.framework/Versions/A/SpeechRecognitionCore
0x000000010f200000 	/Library/Java/JavaVirtualMachines/jdk1.8.0_111.jdk/Contents/Home/jre/lib/server/libjvm.dylib
0x0000000001465000 	/usr/lib/libstdc++.6.dylib
0x000000010e0cc000 	/Library/Java/JavaVirtualMachines/jdk1.8.0_111.jdk/Contents/Home/jre/lib/libverify.dylib
0x000000010e0da000 	/Library/Java/JavaVirtualMachines/jdk1.8.0_111.jdk/Contents/Home/jre/lib/libjava.dylib
0x000000010e159000 	/Library/Java/JavaVirtualMachines/jdk1.8.0_111.jdk/Contents/Home/jre/lib/libzip.dylib
0x0000000001465000 	/System/Library/Frameworks/JavaVM.framework/Versions/A/Frameworks/JavaRuntimeSupport.framework/Versions/A/JavaRuntimeSupport
0x0000000001465000 	/System/Library/Frameworks/JavaVM.framework/Versions/A/Frameworks/JavaNativeFoundation.framework/Versions/A/JavaNativeFoundation
0x0000000001465000 	/System/Library/Frameworks/JavaVM.framework/Versions/A/JavaVM
0x0000000001465000 	/System/Library/Frameworks/Carbon.framework/Versions/A/Carbon
0x0000000001465000 	/System/Library/PrivateFrameworks/CoreSymbolication.framework/Versions/A/CoreSymbolication
0x0000000001465000 	/System/Library/PrivateFrameworks/JavaLaunching.framework/Versions/A/JavaLaunching
0x0000000001465000 	/System/Library/Frameworks/Carbon.framework/Versions/A/Frameworks/CommonPanels.framework/Versions/A/CommonPanels
0x0000000001465000 	/System/Library/Frameworks/Carbon.framework/Versions/A/Frameworks/Help.framework/Versions/A/Help
0x0000000001465000 	/System/Library/Frameworks/Carbon.framework/Versions/A/Frameworks/ImageCapture.framework/Versions/A/ImageCapture
0x0000000001465000 	/System/Library/Frameworks/Carbon.framework/Versions/A/Frameworks/OpenScripting.framework/Versions/A/OpenScripting
0x0000000001465000 	/System/Library/Frameworks/Carbon.framework/Versions/A/Frameworks/Ink.framework/Versions/A/Ink
0x0000000001465000 	/System/Library/Frameworks/Carbon.framework/Versions/A/Frameworks/Print.framework/Versions/A/Print
0x0000000001465000 	/System/Library/Frameworks/Carbon.framework/Versions/A/Frameworks/SecurityHI.framework/Versions/A/SecurityHI
0x0000000001465000 	/System/Library/PrivateFrameworks/DebugSymbols.framework/Versions/A/DebugSymbols
0x000000012cedc000 	/Library/Java/JavaVirtualMachines/jdk1.8.0_111.jdk/Contents/Home/jre/lib/libawt.dylib
0x000000012cf84000 	/Library/Java/JavaVirtualMachines/jdk1.8.0_111.jdk/Contents/Home/jre/lib/libmlib_image.dylib
0x000000012d050000 	/Library/Java/JavaVirtualMachines/jdk1.8.0_111.jdk/Contents/Home/jre/lib/libawt_lwawt.dylib
0x000000012d105000 	/Library/Java/JavaVirtualMachines/jdk1.8.0_111.jdk/Contents/Home/jre/lib/libosxapp.dylib
0x0000000001465000 	/System/Library/Frameworks/ExceptionHandling.framework/Versions/A/ExceptionHandling
0x0000000001465000 	/System/Library/PrivateFrameworks/CoreServicesInternal.framework/Versions/A/CoreServicesInternal
0x0000000001465000 	/System/Library/Frameworks/FileProvider.framework/Versions/A/FileProvider
0x0000000001465000 	/System/Library/Frameworks/Accounts.framework/Versions/A/Accounts
0x0000000001465000 	/System/Library/PrivateFrameworks/GenerationalStorage.framework/Versions/A/GenerationalStorage
0x0000000001465000 	/System/Library/PrivateFrameworks/SymptomDiagnosticReporter.framework/Versions/A/SymptomDiagnosticReporter
0x0000000001465000 	/System/Library/PrivateFrameworks/AppContainer.framework/Versions/A/AppContainer
0x0000000001465000 	/usr/lib/libsandbox.1.dylib
0x0000000001465000 	/System/Library/PrivateFrameworks/UserManagement.framework/Versions/A/UserManagement
0x0000000001465000 	/System/Library/PrivateFrameworks/ChunkingLibrary.framework/Versions/A/ChunkingLibrary
0x0000000001465000 	/System/Library/PrivateFrameworks/AppSandbox.framework/Versions/A/AppSandbox
0x0000000001465000 	/System/Library/PrivateFrameworks/SecCodeWrapper.framework/Versions/A/SecCodeWrapper
0x0000000001465000 	/usr/lib/libMatch.1.dylib
0x0000000001465000 	/System/Library/CoreServices/RawCamera.bundle/Contents/MacOS/RawCamera
0x0000000001465000 	/System/Library/PrivateFrameworks/MobileAsset.framework/Versions/A/MobileAsset
0x0000000001465000 	/System/Library/PrivateFrameworks/StreamingZip.framework/Versions/A/StreamingZip
0x0000000001465000 	/System/Library/Frameworks/MediaToolbox.framework/Versions/A/MediaToolbox
0x0000000001465000 	/System/Library/PrivateFrameworks/CoreAVCHD.framework/Versions/A/CoreAVCHD
0x0000000001465000 	/System/Library/Frameworks/MediaAccessibility.framework/Versions/A/MediaAccessibility
0x0000000001465000 	/System/Library/PrivateFrameworks/Mangrove.framework/Versions/A/Mangrove
0x0000000001465000 	/System/Library/Frameworks/CoreMedia.framework/Versions/A/CoreMedia
0x0000000001465000 	/System/Library/PrivateFrameworks/MediaExperience.framework/Versions/A/MediaExperience
0x0000000001465000 	/System/Library/Frameworks/VideoToolbox.framework/Versions/A/VideoToolbox
0x0000000001465000 	/System/Library/PrivateFrameworks/CoreAUC.framework/Versions/A/CoreAUC
0x0000000001465000 	/usr/lib/libspindump.dylib
0x0000000001465000 	/System/Library/PrivateFrameworks/AudioResourceArbitration.framework/Versions/A/AudioResourceArbitration
0x0000000001465000 	/System/Library/PrivateFrameworks/AppleVA.framework/Versions/A/AppleVA
0x0000000001465000 	/System/Library/Frameworks/Accelerate.framework/Versions/A/Frameworks/vImage.framework/Versions/A/Libraries/libCGInterfaces.dylib
0x000000012e510000 	/usr/lib/libobjc-trampolines.dylib
0x0000000001465000 	/System/Library/PrivateFrameworks/FontServices.framework/libTrueTypeScaler.dylib
0x0000000001465000 	/System/Library/Extensions/AppleIntelHD5000GraphicsMTLDriver.bundle/Contents/MacOS/AppleIntelHD5000GraphicsMTLDriver
0x0000000001465000 	/System/Library/Extensions/GeForceMTLDriver.bundle/Contents/MacOS/GeForceMTLDriver
0x0000000001465000 	/System/Library/PrivateFrameworks/GPUCompiler.framework/Versions/3902/Libraries/libmetal_timestamp.dylib
0x0000000001465000 	/System/Library/PrivateFrameworks/FamilyControls.framework/Versions/A/FamilyControls
0x0000000001465000 	/System/Library/PrivateFrameworks/CommerceKit.framework/Versions/A/Frameworks/CommerceCore.framework/Versions/A/CommerceCore
0x0000000001465000 	/System/Library/PrivateFrameworks/SystemAdministration.framework/Versions/A/SystemAdministration
0x0000000001465000 	/System/Library/PrivateFrameworks/DiskManagement.framework/Versions/A/DiskManagement
0x0000000001465000 	/System/Library/Frameworks/DirectoryService.framework/Versions/A/DirectoryService
0x0000000001465000 	/System/Library/PrivateFrameworks/DiskImages.framework/Versions/A/DiskImages
0x0000000001465000 	/System/Library/PrivateFrameworks/LoginUIKit.framework/Versions/A/Frameworks/LoginUICore.framework/Versions/A/LoginUICore
0x0000000001465000 	/usr/lib/libCoreStorage.dylib
0x0000000001465000 	/usr/lib/libcsfde.dylib
0x0000000001465000 	/usr/lib/libodfde.dylib
0x0000000001465000 	/System/Library/PrivateFrameworks/MediaKit.framework/Versions/A/MediaKit
0x0000000001465000 	/System/Library/Frameworks/DiscRecording.framework/Versions/A/DiscRecording
0x0000000001465000 	/System/Library/PrivateFrameworks/EFILogin.framework/Versions/A/EFILogin
0x0000000001465000 	/System/Library/PrivateFrameworks/ProtectedCloudStorage.framework/Versions/A/ProtectedCloudStorage
0x0000000001465000 	/usr/lib/libcurl.4.dylib
0x0000000001465000 	/usr/lib/libcrypto.44.dylib
0x0000000001465000 	/usr/lib/libssl.46.dylib
0x0000000001465000 	/System/Library/Frameworks/LDAP.framework/Versions/A/LDAP
0x0000000001465000 	/System/Library/PrivateFrameworks/TrustEvaluationAgent.framework/Versions/A/TrustEvaluationAgent
0x0000000001465000 	/usr/lib/libsasl2.2.dylib
0x0000000001465000 	/System/Library/PrivateFrameworks/CoreDaemon.framework/Versions/B/CoreDaemon
0x0000000001465000 	/System/Library/PrivateFrameworks/AppleSRP.framework/Versions/A/AppleSRP
0x0000000001465000 	/System/Library/PrivateFrameworks/ViewBridge.framework/Versions/A/ViewBridge
0x0000000001465000 	/System/Library/PrivateFrameworks/login.framework/Versions/A/login
0x0000000130012000 	/Library/Java/JavaVirtualMachines/jdk1.8.0_111.jdk/Contents/Home/jre/lib/libfontmanager.dylib
0x0000000130079000 	/Library/Java/JavaVirtualMachines/jdk1.8.0_111.jdk/Contents/Home/jre/lib/libosxui.dylib
0x0000000001465000 	/System/Library/Frameworks/OpenGL.framework/Versions/A/Resources/GLEngine.bundle/GLEngine
0x0000000001465000 	/System/Library/Frameworks/OpenGL.framework/Versions/A/Libraries/libGLProgrammability.dylib
0x0000000001465000 	/System/Library/Extensions/AppleIntelHD5000GraphicsGLDriver.bundle/Contents/MacOS/AppleIntelHD5000GraphicsGLDriver
0x0000000001465000 	/System/Library/PrivateFrameworks/GPUSupport.framework/Versions/A/Libraries/libGPUSupportMercury.dylib
0x0000000001465000 	/System/Library/Extensions/GeForceGLDriver.bundle/Contents/MacOS/GeForceGLDriver
0x0000000001465000 	/System/Library/Extensions/GeForceGLDriver.bundle/Contents/MacOS/libclh.dylib
0x0000000001465000 	/System/Library/Frameworks/OpenGL.framework/Versions/A/Resources/GLRendererFloat.bundle/GLRendererFloat
0x0000000001465000 	/System/Library/Frameworks/OpenCL.framework/Versions/A/Libraries/libcldcpuengine.dylib
0x0000000001465000 	/usr/lib/libcrypto.35.dylib
0x000000012f5e2000 	/Library/Java/JavaVirtualMachines/jdk1.8.0_111.jdk/Contents/Home/jre/lib/libnio.dylib
0x000000012f5f2000 	/Library/Java/JavaVirtualMachines/jdk1.8.0_111.jdk/Contents/Home/jre/lib/libnet.dylib
0x000000012f588000 	/Users/tommasodecillis/.javacpp/cache/mkl-dnn-0.18.1-1.5-macosx-x86_64.jar/org/bytedeco/mkldnn/macosx-x86_64/libgcc_s.1.dylib
0x000000012f609000 	/Users/tommasodecillis/.javacpp/cache/mkl-dnn-0.18.1-1.5-macosx-x86_64.jar/org/bytedeco/mkldnn/macosx-x86_64/libgomp.1.dylib
0x0000000131d59000 	/Users/tommasodecillis/.javacpp/cache/mkl-dnn-0.18.1-1.5-macosx-x86_64.jar/org/bytedeco/mkldnn/macosx-x86_64/libstdc++.6.dylib
0x0000000132263000 	/Users/tommasodecillis/.javacpp/cache/mkl-dnn-0.18.1-1.5-macosx-x86_64.jar/org/bytedeco/mkldnn/macosx-x86_64/libiomp5.dylib
0x00000001323fb000 	/Users/tommasodecillis/.javacpp/cache/mkl-dnn-0.18.1-1.5-macosx-x86_64.jar/org/bytedeco/mkldnn/macosx-x86_64/libmklml.dylib
0x0000000137a28000 	/Users/tommasodecillis/.javacpp/cache/mkl-dnn-0.18.1-1.5-macosx-x86_64.jar/org/bytedeco/mkldnn/macosx-x86_64/libmkldnn.0.dylib
0x0000000138541000 	/Users/tommasodecillis/.javacpp/cache/nd4j-native-1.0.0-beta4-macosx-x86_64.jar/org/nd4j/nativeblas/macosx-x86_64/libnd4jcpu.dylib

VM Arguments:
jvm_args: -Dfile.encoding=UTF-8 
java_command: frontEnd.MainGui
java_class_path (initial): /Users/tommasodecillis/Downloads/Progetto Icon/IConProj/target/classes:/Users/tommasodecillis/Downloads/Progetto Icon/IConProj/JavaOCR.jar:/Users/tommasodecillis/Downloads/Progetto Icon/IConProj/bridj-0.7.0.jar:/Users/tommasodecillis/Downloads/Progetto Icon/IConProj/slf4j-api-1.7.2.jar:/Users/tommasodecillis/Downloads/Progetto Icon/IConProj/webcam-capture-0.3.12.jar:/Users/tommasodecillis/.m2/repository/org/nd4j/nd4j-native-platform/1.0.0-beta4/nd4j-native-platform-1.0.0-beta4.jar:/Users/tommasodecillis/.m2/repository/org/bytedeco/openblas-platform/0.3.5-1.5/openblas-platform-0.3.5-1.5.jar:/Users/tommasodecillis/.m2/repository/org/bytedeco/openblas/0.3.5-1.5/openblas-0.3.5-1.5.jar:/Users/tommasodecillis/.m2/repository/org/bytedeco/openblas/0.3.5-1.5/openblas-0.3.5-1.5-android-arm.jar:/Users/tommasodecillis/.m2/repository/org/bytedeco/openblas/0.3.5-1.5/openblas-0.3.5-1.5-android-arm64.jar:/Users/tommasodecillis/.m2/repository/org/bytedeco/openblas/0.3.5-1.5/openblas-0.3.5-1.5-android-x86.jar:/Users/tommasodecillis/.m2/repository/org/bytedeco/openblas/0.3.5-1.5/openblas-0.3.5-1.5-android-x86_64.jar:/Users/tommasodecillis/.m2/repository/org/bytedeco/openblas/0.3.5-1.5/openblas-0.3.5-1.5-ios-arm64.jar:/Users/tommasodecillis/.m2/repository/org/bytedeco/openblas/0.3.5-1.5/openblas-0.3.5-1.5-ios-x86_64.jar:/Users/tommasodecillis/.m2/repository/org/bytedeco/openblas/0.3.5-1.5/openblas-0.3.5-1.5-linux-x86.jar:/Users/tommasodecillis/.m2/repository/org/bytedeco/openblas/0.3.5-1.5/openblas-0.3.5-1.5-linux-x86_64.jar:/Users/tommasodecillis/.m2/repository/org/bytedeco/openblas/0.3.5-1.5/openblas-0.3.5-1.5-linux-armhf.jar:/Users/tommasodecillis/.m2/repository/org/bytedeco/openblas/0.3.5-1.5/openblas-0.3.5-1.5-linux-ppc64le.jar:/Users/tommasodecillis/.m2/repository/org/bytedeco/openblas/0.3.5-1.5/openblas-0.3.5-1.5-macosx-x86_64.jar:/Users/tommasodecillis/.m2/repository/org/bytedeco/openblas/0.3.5-1.5/openblas-0.3.5-1.5-windows-x86.jar:/Users/tommasode
Launcher Type: SUN_STANDARD

Environment Variables:
PATH=/usr/bin:/bin:/usr/sbin:/sbin
SHELL=/bin/bash

Signal Handlers:
SIGSEGV: [libjvm.dylib+0x5b03ed], sa_mask[0]=11111111011111110111111111111111, sa_flags=SA_ONSTACK|SA_RESTART|SA_SIGINFO
SIGBUS: [libjvm.dylib+0x5b03ed], sa_mask[0]=11111111011111110111111111111111, sa_flags=SA_RESTART|SA_SIGINFO
SIGFPE: [libjvm.dylib+0x48711c], sa_mask[0]=11111111011111110111111111111111, sa_flags=SA_RESTART|SA_SIGINFO
SIGPIPE: [libjvm.dylib+0x48711c], sa_mask[0]=11111111011111110111111111111111, sa_flags=SA_RESTART|SA_SIGINFO
SIGXFSZ: [libjvm.dylib+0x48711c], sa_mask[0]=11111111011111110111111111111111, sa_flags=SA_RESTART|SA_SIGINFO
SIGILL: [libjvm.dylib+0x48711c], sa_mask[0]=11111111011111110111111111111111, sa_flags=SA_RESTART|SA_SIGINFO
SIGUSR1: SIG_DFL, sa_mask[0]=00000000000000000000000000000000, sa_flags=none
SIGUSR2: [libjvm.dylib+0x486c3a], sa_mask[0]=00100000000000000000000000000000, sa_flags=SA_RESTART|SA_SIGINFO
SIGHUP: [libjvm.dylib+0x485211], sa_mask[0]=11111111011111110111111111111111, sa_flags=SA_RESTART|SA_SIGINFO
SIGINT: [libjvm.dylib+0x485211], sa_mask[0]=11111111011111110111111111111111, sa_flags=SA_RESTART|SA_SIGINFO
SIGTERM: [libjvm.dylib+0x485211], sa_mask[0]=11111111011111110111111111111111, sa_flags=SA_RESTART|SA_SIGINFO
SIGQUIT: [libjvm.dylib+0x485211], sa_mask[0]=11111111011111110111111111111111, sa_flags=SA_RESTART|SA_SIGINFO


---------------  S Y S T E M  ---------------

OS:Bsduname:Darwin 19.2.0 Darwin Kernel Version 19.2.0: Sat Nov  9 03:47:04 PST 2019; root:xnu-6153.61.1~20/RELEASE_X86_64 x86_64
rlimit: STACK 8192k, CORE 0k, NPROC 2784, NOFILE 10240, AS infinity
load average:1.72 1.96 2.08

CPU:total 8 (4 cores per cpu, 2 threads per core) family 6 model 70 stepping 1, cmov, cx8, fxsr, mmx, sse, sse2, sse3, ssse3, sse4.1, sse4.2, popcnt, avx, avx2, aes, clmul, erms, lzcnt, ht, tsc, tscinvbit, bmi1, bmi2

Memory: 4k page, physical 16777216k(2831492k free)

/proc/meminfo:


vm_info: Java HotSpot(TM) 64-Bit Server VM (25.111-b14) for bsd-amd64 JRE (1.8.0_111-b14), built on Sep 22 2016 15:31:41 by "java_re" with gcc 4.2.1 (Based on Apple Inc. build 5658) (LLVM build 2336.11.00)

time: Tue Feb  4 09:58:55 2020
elapsed time: 3 seconds (0d 0h 0m 3s)

